2021-03-03 01:01:22,402 [INFO] from application in ForkJoinPool-1-worker-9 - Creating Pool for datasource 'default'
2021-03-03 01:01:22,633 [INFO] from play.api.db.DefaultDBApi in ForkJoinPool-1-worker-9 - Database [default] connected at jdbc:mysql://localhost:3306/CS7340TEAMONELABTWO?autoReconnect=true&useSSL=false&useUnicode=true&useJDBCCompliantTimezoneShift=true&useLegacyDatetimeCode=false&serverTimezone=UTC
2021-03-03 01:01:23,323 [INFO] from play.api.Play in ForkJoinPool-1-worker-9 - Application started (Dev)
2021-03-03 01:01:47,486 [INFO] from application in application-akka.actor.default-dispatcher-3 - Shutting down connection pool.
2021-03-03 01:01:47,606 [INFO] from application in application-akka.actor.default-dispatcher-3 - Creating Pool for datasource 'default'
2021-03-03 01:01:47,614 [INFO] from play.api.db.DefaultDBApi in application-akka.actor.default-dispatcher-3 - Database [default] connected at jdbc:mysql://localhost:3306/CS7340TEAMONELABTWO?autoReconnect=true&useSSL=false&useUnicode=true&useJDBCCompliantTimezoneShift=true&useLegacyDatetimeCode=false&serverTimezone=UTC
2021-03-03 01:01:47,691 [INFO] from play.api.Play in application-akka.actor.default-dispatcher-3 - Application started (Dev)
2021-03-03 01:02:02,447 [INFO] from application in application-akka.actor.default-dispatcher-4 - Shutting down connection pool.
2021-03-03 01:02:02,526 [INFO] from application in application-akka.actor.default-dispatcher-4 - Creating Pool for datasource 'default'
2021-03-03 01:02:02,537 [INFO] from play.api.db.DefaultDBApi in application-akka.actor.default-dispatcher-4 - Database [default] connected at jdbc:mysql://localhost:3306/CS7340TEAMONELABTWO?autoReconnect=true&useSSL=false&useUnicode=true&useJDBCCompliantTimezoneShift=true&useLegacyDatetimeCode=false&serverTimezone=UTC
2021-03-03 01:02:02,605 [INFO] from play.api.Play in application-akka.actor.default-dispatcher-4 - Application started (Dev)
2021-03-03 01:09:26,724 [INFO] from application in application-akka.actor.default-dispatcher-3 - Shutting down connection pool.
2021-03-03 01:09:26,859 [INFO] from application in application-akka.actor.default-dispatcher-3 - Creating Pool for datasource 'default'
2021-03-03 01:09:26,870 [INFO] from play.api.db.DefaultDBApi in application-akka.actor.default-dispatcher-3 - Database [default] connected at jdbc:mysql://localhost:3306/CS7340TEAMONELABTWO?autoReconnect=true&useSSL=false&useUnicode=true&useJDBCCompliantTimezoneShift=true&useLegacyDatetimeCode=false&serverTimezone=UTC
2021-03-03 01:09:26,951 [INFO] from play.api.Play in application-akka.actor.default-dispatcher-3 - Application started (Dev)
2021-03-03 01:10:11,577 [INFO] from application in application-akka.actor.default-dispatcher-4 - Shutting down connection pool.
2021-03-03 01:10:11,643 [INFO] from application in application-akka.actor.default-dispatcher-4 - Creating Pool for datasource 'default'
2021-03-03 01:10:11,651 [INFO] from play.api.db.DefaultDBApi in application-akka.actor.default-dispatcher-4 - Database [default] connected at jdbc:mysql://localhost:3306/CS7340TEAMONELABTWO?autoReconnect=true&useSSL=false&useUnicode=true&useJDBCCompliantTimezoneShift=true&useLegacyDatetimeCode=false&serverTimezone=UTC
2021-03-03 01:10:11,720 [INFO] from play.api.Play in application-akka.actor.default-dispatcher-4 - Application started (Dev)
2021-03-03 01:24:34,612 [INFO] from application in application-akka.actor.default-dispatcher-3 - Shutting down connection pool.
2021-03-03 01:24:34,717 [INFO] from application in application-akka.actor.default-dispatcher-3 - Creating Pool for datasource 'default'
2021-03-03 01:24:34,728 [INFO] from play.api.db.DefaultDBApi in application-akka.actor.default-dispatcher-3 - Database [default] connected at jdbc:mysql://localhost:3306/CS7340TEAMONELABTWO?autoReconnect=true&useSSL=false&useUnicode=true&useJDBCCompliantTimezoneShift=true&useLegacyDatetimeCode=false&serverTimezone=UTC
2021-03-03 01:24:34,800 [INFO] from play.api.Play in application-akka.actor.default-dispatcher-3 - Application started (Dev)
